<?xml version="1.0" encoding="UTF-8"?>
<testsuite xmlns:xsi="http://www.w3.org/2001/XMLSchema-instance" xsi:noNamespaceSchemaLocation="https://maven.apache.org/surefire/maven-surefire-plugin/xsd/surefire-test-report-3.0.xsd" version="3.0" name="io.bootique.mongo.client.MongoModuleTest" time="4.364" tests="1" errors="0" skipped="0" failures="0">
  <properties>
    <property name="java.specification.version" value="17"/>
    <property name="sun.jnu.encoding" value="UTF-8"/>
    <property name="java.class.path" value="/Users/kbareja/bootique-mongodb/bootique-mongo-client/target/test-classes:/Users/kbareja/bootique-mongodb/bootique-mongo-client/target/classes:/Users/kbareja/.m2/repository/io/bootique/bootique/3.0.M1-SNAPSHOT/bootique-3.0.M1-SNAPSHOT.jar:/Users/kbareja/.m2/repository/io/bootique/di/bootique-di/3.0.M1-SNAPSHOT/bootique-di-3.0.M1-SNAPSHOT.jar:/Users/kbareja/.m2/repository/javax/inject/javax.inject/1/javax.inject-1.jar:/Users/kbareja/.m2/repository/com/fasterxml/jackson/core/jackson-databind/2.13.2.2/jackson-databind-2.13.2.2.jar:/Users/kbareja/.m2/repository/com/fasterxml/jackson/core/jackson-annotations/2.13.2/jackson-annotations-2.13.2.jar:/Users/kbareja/.m2/repository/com/fasterxml/jackson/core/jackson-core/2.13.2/jackson-core-2.13.2.jar:/Users/kbareja/.m2/repository/com/fasterxml/jackson/dataformat/jackson-dataformat-yaml/2.13.2/jackson-dataformat-yaml-2.13.2.jar:/Users/kbareja/.m2/repository/org/yaml/snakeyaml/1.30/snakeyaml-1.30.jar:/Users/kbareja/.m2/repository/net/sf/jopt-simple/jopt-simple/5.0.3/jopt-simple-5.0.3.jar:/Users/kbareja/.m2/repository/org/mongodb/mongodb-driver-sync/4.6.0/mongodb-driver-sync-4.6.0.jar:/Users/kbareja/.m2/repository/org/mongodb/bson/4.6.0/bson-4.6.0.jar:/Users/kbareja/.m2/repository/org/mongodb/mongodb-driver-core/4.6.0/mongodb-driver-core-4.6.0.jar:/Users/kbareja/.m2/repository/org/mongodb/bson-record-codec/4.6.0/bson-record-codec-4.6.0.jar:/Users/kbareja/.m2/repository/io/bootique/bootique-junit5/3.0.M1-SNAPSHOT/bootique-junit5-3.0.M1-SNAPSHOT.jar:/Users/kbareja/.m2/repository/org/junit/jupiter/junit-jupiter-engine/5.8.1/junit-jupiter-engine-5.8.1.jar:/Users/kbareja/.m2/repository/org/junit/platform/junit-platform-engine/1.8.1/junit-platform-engine-1.8.1.jar:/Users/kbareja/.m2/repository/org/opentest4j/opentest4j/1.2.0/opentest4j-1.2.0.jar:/Users/kbareja/.m2/repository/org/junit/platform/junit-platform-commons/1.8.1/junit-platform-commons-1.8.1.jar:/Users/kbareja/.m2/repository/org/junit/jupiter/junit-jupiter-api/5.8.1/junit-jupiter-api-5.8.1.jar:/Users/kbareja/.m2/repository/org/apiguardian/apiguardian-api/1.1.2/apiguardian-api-1.1.2.jar:/Users/kbareja/bootique-mongodb/bootique-mongo-junit5/target/classes:/Users/kbareja/.m2/repository/org/testcontainers/mongodb/1.17.1/mongodb-1.17.1.jar:/Users/kbareja/.m2/repository/org/testcontainers/testcontainers/1.17.1/testcontainers-1.17.1.jar:/Users/kbareja/.m2/repository/junit/junit/4.13.2/junit-4.13.2.jar:/Users/kbareja/.m2/repository/org/hamcrest/hamcrest-core/1.3/hamcrest-core-1.3.jar:/Users/kbareja/.m2/repository/org/slf4j/slf4j-api/1.7.25/slf4j-api-1.7.25.jar:/Users/kbareja/.m2/repository/org/apache/commons/commons-compress/1.21/commons-compress-1.21.jar:/Users/kbareja/.m2/repository/org/rnorth/duct-tape/duct-tape/1.0.8/duct-tape-1.0.8.jar:/Users/kbareja/.m2/repository/org/jetbrains/annotations/17.0.0/annotations-17.0.0.jar:/Users/kbareja/.m2/repository/com/github/docker-java/docker-java-api/3.2.13/docker-java-api-3.2.13.jar:/Users/kbareja/.m2/repository/com/github/docker-java/docker-java-transport-zerodep/3.2.13/docker-java-transport-zerodep-3.2.13.jar:/Users/kbareja/.m2/repository/com/github/docker-java/docker-java-transport/3.2.13/docker-java-transport-3.2.13.jar:/Users/kbareja/.m2/repository/net/java/dev/jna/jna/5.8.0/jna-5.8.0.jar:"/>
    <property name="java.vm.vendor" value="Oracle Corporation"/>
    <property name="sun.arch.data.model" value="64"/>
    <property name="java.vendor.url" value="https://java.oracle.com/"/>
    <property name="user.timezone" value="Europe/Warsaw"/>
    <property name="os.name" value="Mac OS X"/>
    <property name="java.vm.specification.version" value="17"/>
    <property name="sun.java.launcher" value="SUN_STANDARD"/>
    <property name="user.country" value="GB"/>
    <property name="sun.boot.library.path" value="/Users/kbareja/Library/Java/JavaVirtualMachines/openjdk-17.0.2/Contents/Home/lib"/>
    <property name="sun.java.command" value="/Users/kbareja/bootique-mongodb/bootique-mongo-client/target/surefire/surefirebooter10326762505577968255.jar /Users/kbareja/bootique-mongodb/bootique-mongo-client/target/surefire 2022-06-01T19-42-13_860-jvmRun1 surefire5750180846210984075tmp surefire_017622903728661459747tmp"/>
    <property name="http.nonProxyHosts" value="local|*.local|169.254/16|*.169.254/16"/>
    <property name="jdk.debug" value="release"/>
    <property name="surefire.test.class.path" value="/Users/kbareja/bootique-mongodb/bootique-mongo-client/target/test-classes:/Users/kbareja/bootique-mongodb/bootique-mongo-client/target/classes:/Users/kbareja/.m2/repository/io/bootique/bootique/3.0.M1-SNAPSHOT/bootique-3.0.M1-SNAPSHOT.jar:/Users/kbareja/.m2/repository/io/bootique/di/bootique-di/3.0.M1-SNAPSHOT/bootique-di-3.0.M1-SNAPSHOT.jar:/Users/kbareja/.m2/repository/javax/inject/javax.inject/1/javax.inject-1.jar:/Users/kbareja/.m2/repository/com/fasterxml/jackson/core/jackson-databind/2.13.2.2/jackson-databind-2.13.2.2.jar:/Users/kbareja/.m2/repository/com/fasterxml/jackson/core/jackson-annotations/2.13.2/jackson-annotations-2.13.2.jar:/Users/kbareja/.m2/repository/com/fasterxml/jackson/core/jackson-core/2.13.2/jackson-core-2.13.2.jar:/Users/kbareja/.m2/repository/com/fasterxml/jackson/dataformat/jackson-dataformat-yaml/2.13.2/jackson-dataformat-yaml-2.13.2.jar:/Users/kbareja/.m2/repository/org/yaml/snakeyaml/1.30/snakeyaml-1.30.jar:/Users/kbareja/.m2/repository/net/sf/jopt-simple/jopt-simple/5.0.3/jopt-simple-5.0.3.jar:/Users/kbareja/.m2/repository/org/mongodb/mongodb-driver-sync/4.6.0/mongodb-driver-sync-4.6.0.jar:/Users/kbareja/.m2/repository/org/mongodb/bson/4.6.0/bson-4.6.0.jar:/Users/kbareja/.m2/repository/org/mongodb/mongodb-driver-core/4.6.0/mongodb-driver-core-4.6.0.jar:/Users/kbareja/.m2/repository/org/mongodb/bson-record-codec/4.6.0/bson-record-codec-4.6.0.jar:/Users/kbareja/.m2/repository/io/bootique/bootique-junit5/3.0.M1-SNAPSHOT/bootique-junit5-3.0.M1-SNAPSHOT.jar:/Users/kbareja/.m2/repository/org/junit/jupiter/junit-jupiter-engine/5.8.1/junit-jupiter-engine-5.8.1.jar:/Users/kbareja/.m2/repository/org/junit/platform/junit-platform-engine/1.8.1/junit-platform-engine-1.8.1.jar:/Users/kbareja/.m2/repository/org/opentest4j/opentest4j/1.2.0/opentest4j-1.2.0.jar:/Users/kbareja/.m2/repository/org/junit/platform/junit-platform-commons/1.8.1/junit-platform-commons-1.8.1.jar:/Users/kbareja/.m2/repository/org/junit/jupiter/junit-jupiter-api/5.8.1/junit-jupiter-api-5.8.1.jar:/Users/kbareja/.m2/repository/org/apiguardian/apiguardian-api/1.1.2/apiguardian-api-1.1.2.jar:/Users/kbareja/bootique-mongodb/bootique-mongo-junit5/target/classes:/Users/kbareja/.m2/repository/org/testcontainers/mongodb/1.17.1/mongodb-1.17.1.jar:/Users/kbareja/.m2/repository/org/testcontainers/testcontainers/1.17.1/testcontainers-1.17.1.jar:/Users/kbareja/.m2/repository/junit/junit/4.13.2/junit-4.13.2.jar:/Users/kbareja/.m2/repository/org/hamcrest/hamcrest-core/1.3/hamcrest-core-1.3.jar:/Users/kbareja/.m2/repository/org/slf4j/slf4j-api/1.7.25/slf4j-api-1.7.25.jar:/Users/kbareja/.m2/repository/org/apache/commons/commons-compress/1.21/commons-compress-1.21.jar:/Users/kbareja/.m2/repository/org/rnorth/duct-tape/duct-tape/1.0.8/duct-tape-1.0.8.jar:/Users/kbareja/.m2/repository/org/jetbrains/annotations/17.0.0/annotations-17.0.0.jar:/Users/kbareja/.m2/repository/com/github/docker-java/docker-java-api/3.2.13/docker-java-api-3.2.13.jar:/Users/kbareja/.m2/repository/com/github/docker-java/docker-java-transport-zerodep/3.2.13/docker-java-transport-zerodep-3.2.13.jar:/Users/kbareja/.m2/repository/com/github/docker-java/docker-java-transport/3.2.13/docker-java-transport-3.2.13.jar:/Users/kbareja/.m2/repository/net/java/dev/jna/jna/5.8.0/jna-5.8.0.jar:"/>
    <property name="sun.cpu.endian" value="little"/>
    <property name="user.home" value="/Users/kbareja"/>
    <property name="user.language" value="en"/>
    <property name="java.specification.vendor" value="Oracle Corporation"/>
    <property name="java.version.date" value="2022-01-18"/>
    <property name="java.home" value="/Users/kbareja/Library/Java/JavaVirtualMachines/openjdk-17.0.2/Contents/Home"/>
    <property name="org.testcontainers.shaded.io.netty.packagePrefix" value="org.testcontainers.shaded."/>
    <property name="file.separator" value="/"/>
    <property name="basedir" value="/Users/kbareja/bootique-mongodb/bootique-mongo-client"/>
    <property name="java.vm.compressedOopsMode" value="Zero based"/>
    <property name="line.separator" value="&#10;"/>
    <property name="java.vm.specification.vendor" value="Oracle Corporation"/>
    <property name="java.specification.name" value="Java Platform API Specification"/>
    <property name="surefire.real.class.path" value="/Users/kbareja/bootique-mongodb/bootique-mongo-client/target/surefire/surefirebooter10326762505577968255.jar"/>
    <property name="sun.management.compiler" value="HotSpot 64-Bit Tiered Compilers"/>
    <property name="ftp.nonProxyHosts" value="local|*.local|169.254/16|*.169.254/16"/>
    <property name="java.runtime.version" value="17.0.2+8-86"/>
    <property name="user.name" value="kbareja"/>
    <property name="path.separator" value=":"/>
    <property name="os.version" value="12.3.1"/>
    <property name="java.runtime.name" value="OpenJDK Runtime Environment"/>
    <property name="file.encoding" value="UTF-8"/>
    <property name="java.vm.name" value="OpenJDK 64-Bit Server VM"/>
    <property name="localRepository" value="/Users/kbareja/.m2/repository"/>
    <property name="java.vendor.url.bug" value="https://bugreport.java.com/bugreport/"/>
    <property name="java.io.tmpdir" value="/var/folders/qd/x8jcsk5x15q4pn9y2mfc5cfr0000gn/T/"/>
    <property name="idea.version" value="2022.1.1"/>
    <property name="java.version" value="17.0.2"/>
    <property name="user.dir" value="/Users/kbareja/bootique-mongodb/bootique-mongo-client"/>
    <property name="os.arch" value="x86_64"/>
    <property name="java.vm.specification.name" value="Java Virtual Machine Specification"/>
    <property name="native.encoding" value="UTF-8"/>
    <property name="java.library.path" value="/Users/kbareja/Library/Java/Extensions:/Library/Java/Extensions:/Network/Library/Java/Extensions:/System/Library/Java/Extensions:/usr/lib/java:."/>
    <property name="java.vm.info" value="mixed mode, sharing"/>
    <property name="java.vendor" value="Oracle Corporation"/>
    <property name="java.vm.version" value="17.0.2+8-86"/>
    <property name="sun.io.unicode.encoding" value="UnicodeBig"/>
    <property name="socksNonProxyHosts" value="local|*.local|169.254/16|*.169.254/16"/>
    <property name="java.class.version" value="61.0"/>
  </properties>
  <testcase name="testMongoDBConnection" classname="io.bootique.mongo.client.MongoModuleTest" time="0.114">
    <system-err><![CDATA[SLF4J: Failed to load class "org.slf4j.impl.StaticLoggerBinder".
SLF4J: Defaulting to no-operation (NOP) logger implementation
SLF4J: See http://www.slf4j.org/codes.html#StaticLoggerBinder for further details.
SLF4J: Failed to load class "org.slf4j.impl.StaticMDCBinder".
SLF4J: Defaulting to no-operation MDCAdapter implementation.
SLF4J: See http://www.slf4j.org/codes.html#no_static_mdc_binder for further details.
]]></system-err>
  </testcase>
</testsuite>